Arguments: 
  /Users/xiaolin/.nvm/versions/node/v6.3.0/bin/node /Users/xiaolin/.nvm/versions/node/v6.3.0/bin/yarn add http-server --save-dev

PATH: 
  /Users/xiaolin/bin:/Users/xiaolin/.nvm/versions/node/v6.3.0/bin:/usr/local/bin:/usr/bin:/bin:/usr/sbin:/sbin

Yarn version: 
  0.27.5

Node version: 
  6.3.0

Platform: 
  darwin x64

npm manifest: 
  {
    "name": "frogs-cross-the-river",
    "version": "1.0.0",
    "description": "",
    "main": "index.js",
    "scripts": {
      "test": "echo \"Error: no test specified\" && exit 1"
    },
    "repository": {
      "type": "git",
      "url": "git+https://github.com/xiaolin18/Frogs-cross-the-river.git"
    },
    "author": "",
    "license": "ISC",
    "bugs": {
      "url": "https://github.com/xiaolin18/Frogs-cross-the-river/issues"
    },
    "homepage": "https://github.com/xiaolin18/Frogs-cross-the-river#readme"
  }

yarn manifest: 
  No manifest

Lockfile: 
  No lockfile

Trace: 
  Error: http://npm-registry.iyunxiao.com/http-server: ETIMEDOUT
      at Timeout._onTimeout (/Users/xiaolin/.nvm/versions/node/v6.3.0/lib/node_modules/yarn/node_modules/request/request.js:852:19)
      at tryOnTimeout (timers.js:224:11)
      at Timer.listOnTimeout (timers.js:198:5)
